<?xml version="1.0" encoding="UTF-8"?>
<testsuite xmlns:xsi="http://www.w3.org/2001/XMLSchema-instance" xsi:noNamespaceSchemaLocation="https://maven.apache.org/surefire/maven-surefire-plugin/xsd/surefire-test-report.xsd" name="com.reactive.examples.test.controller.UserControllerTest" time="15.81" tests="9" errors="0" skipped="0" failures="0">
  <properties>
[...]
</properties>
  <testcase name="updateUser" classname="com.reactive.examples.test.controller.UserControllerTest" time="0.785"/>
  <testcase name="getUserById_NotFound" classname="com.reactive.examples.test.controller.UserControllerTest" time="0.009"/>
  <testcase name="testStreamUsers" classname="com.reactive.examples.test.controller.UserControllerTest" time="5.212"/>
  <testcase name="getAllUsersValidateCount" classname="com.reactive.examples.test.controller.UserControllerTest" time="0.02"/>
  <testcase name="createUser" classname="com.reactive.examples.test.controller.UserControllerTest" time="0.023"/>
  <testcase name="getAllUsersValidateResponse" classname="com.reactive.examples.test.controller.UserControllerTest" time="0.031"/>
  <testcase name="updateUser_notFound" classname="com.reactive.examples.test.controller.UserControllerTest" time="0.015"/>
  <testcase name="deleteUser" classname="com.reactive.examples.test.controller.UserControllerTest" time="0.03"/>
  <testcase name="getUserById" classname="com.reactive.examples.test.controller.UserControllerTest" time="0.026"/>
</testsuite>