<?xml version="1.0" encoding="UTF-8"?>
<testsuite xmlns:xsi="http://www.w3.org/2001/XMLSchema-instance" xsi:noNamespaceSchemaLocation="https://maven.apache.org/surefire/maven-surefire-plugin/xsd/surefire-test-report.xsd" name="com.reactive.examples.test.controller.UserControllerTest" time="6.313" tests="8" errors="0" skipped="0" failures="0">
  <properties>
[...]
</properties>
  <testcase name="updateUser" classname="com.reactive.examples.test.controller.UserControllerTest" time="0.441"/>
  <testcase name="getUserById_NotFound" classname="com.reactive.examples.test.controller.UserControllerTest" time="0.017"/>
  <testcase name="getAllUsersValidateCount" classname="com.reactive.examples.test.controller.UserControllerTest" time="0.043"/>
  <testcase name="createUser" classname="com.reactive.examples.test.controller.UserControllerTest" time="0.028"/>
  <testcase name="getAllUsersValidateResponse" classname="com.reactive.examples.test.controller.UserControllerTest" time="0.054"/>
  <testcase name="updateUser_notFound" classname="com.reactive.examples.test.controller.UserControllerTest" time="0.028"/>
  <testcase name="deleteUser" classname="com.reactive.examples.test.controller.UserControllerTest" time="0.034"/>
  <testcase name="getUserById" classname="com.reactive.examples.test.controller.UserControllerTest" time="0.032"/>
</testsuite>